TN:
SF:script/admin/AssignSecondJudge.s.sol
DA:9,0
FN:9,AdminAssignSecondJudge.run
FNDA:0,AdminAssignSecondJudge.run
DA:10,0
DA:12,0
DA:13,0
DA:15,0
DA:16,0
DA:17,0
DA:22,0
DA:23,0
DA:24,0
DA:25,0
FNF:1
FNH:0
LF:11
LH:0
BRF:0
BRH:0
end_of_record
TN:
SF:script/admin/Deploy.s.sol
DA:39,0
FN:39,Deploy.run
FNDA:0,Deploy.run
DA:40,0
DA:41,0
DA:42,0
BRDA:42,0,0,-
BRDA:42,0,1,-
DA:43,0
DA:44,0
DA:45,0
DA:47,0
DA:50,0
DA:52,0
DA:56,0
DA:57,0
DA:58,0
DA:59,0
DA:60,0
DA:61,0
DA:63,0
DA:64,0
DA:65,0
DA:68,0
FN:68,Deploy._loadEnv
FNDA:0,Deploy._loadEnv
DA:69,0
DA:70,0
DA:71,0
DA:72,0
DA:73,0
DA:74,0
DA:75,0
DA:78,0
FN:78,Deploy._deployCore
FNDA:0,Deploy._deployCore
DA:80,0
BRDA:80,1,0,-
BRDA:80,1,1,-
DA:81,0
DA:82,0
DA:84,0
DA:85,0
DA:88,0
DA:89,0
DA:90,0
DA:91,0
DA:96,0
DA:97,0
DA:98,0
DA:107,0
DA:108,0
DA:109,0
DA:110,0
DA:111,0
DA:113,0
DA:115,0
DA:116,0
DA:119,0
FN:119,Deploy._deployRegistry
FNDA:0,Deploy._deployRegistry
DA:120,0
DA:136,0
FN:136,Deploy._seedProgram
FNDA:0,Deploy._seedProgram
DA:137,0
DA:140,0
FN:140,Deploy._seedDeposit
FNDA:0,Deploy._seedDeposit
DA:141,0
BRDA:141,2,0,-
DA:142,0
DA:144,0
BRDA:144,3,0,-
DA:145,0
DA:147,0
DA:148,0
DA:151,0
FN:151,Deploy._buildProgramInput
FNDA:0,Deploy._buildProgramInput
DA:156,0
DA:157,0
DA:168,0
FN:168,Deploy._schedule
FNDA:0,Deploy._schedule
DA:173,0
BRDA:173,4,0,-
DA:174,0
DA:177,0
DA:178,0
DA:179,0
DA:180,0
DA:181,0
DA:182,0
DA:183,0
DA:184,0
FNF:8
FNH:0
LF:73
LH:0
BRF:7
BRH:0
end_of_record
TN:
SF:script/admin/SeedFromPrompts.s.sol
DA:53,0
FN:53,SeedFromPrompts.run
FNDA:0,SeedFromPrompts.run
DA:54,0
DA:55,0
DA:57,0
DA:58,0
DA:60,0
DA:61,0
DA:63,0
DA:64,0
DA:68,0
FN:68,SeedFromPrompts._loadEnv
FNDA:0,SeedFromPrompts._loadEnv
DA:69,0
DA:70,0
DA:71,0
DA:72,0
DA:73,0
DA:74,0
DA:75,0
DA:76,0
DA:77,0
DA:78,0
DA:79,0
DA:82,0
FN:82,SeedFromPrompts._loadCore
FNDA:0,SeedFromPrompts._loadCore
DA:83,0
DA:84,0
DA:85,0
DA:86,0
DA:89,0
FN:89,SeedFromPrompts._seedProgram
FNDA:0,SeedFromPrompts._seedProgram
DA:90,0
DA:92,0
DA:93,0
DA:102,0
DA:104,0
DA:105,0
DA:106,0
DA:108,0
DA:110,0
DA:111,0
DA:112,0
DA:115,0
FN:115,SeedFromPrompts._readProgram
FNDA:0,SeedFromPrompts._readProgram
DA:116,0
DA:117,0
DA:118,0
DA:119,0
DA:120,0
DA:123,0
FN:123,SeedFromPrompts._sum
FNDA:0,SeedFromPrompts._sum
DA:124,0
DA:125,0
DA:129,0
FN:129,SeedFromPrompts._depositForBounty
FNDA:0,SeedFromPrompts._depositForBounty
DA:134,0
DA:135,0
DA:136,0
BRDA:136,0,0,-
DA:137,0
DA:139,0
DA:142,0
FN:142,SeedFromPrompts._depositForProgram
FNDA:0,SeedFromPrompts._depositForProgram
DA:143,0
DA:144,0
DA:145,0
BRDA:145,1,0,-
BRDA:145,1,1,-
DA:147,0
DA:148,0
DA:149,0
BRDA:149,2,0,-
DA:150,0
BRDA:150,3,0,-
BRDA:150,3,1,-
DA:151,0
DA:153,0
DA:154,0
DA:155,0
DA:160,0
FN:160,UintArrayCasting.toUint8Array
FNDA:0,UintArrayCasting.toUint8Array
DA:161,0
DA:162,0
DA:163,0
FNF:9
FNH:0
LF:69
LH:0
BRF:6
BRH:0
end_of_record
TN:
SF:script/admin/SetJudge.s.sol
DA:10,0
FN:10,AdminSetJudge.run
FNDA:0,AdminSetJudge.run
DA:11,0
DA:12,0
DA:13,0
DA:14,0
DA:15,0
DA:17,0
BRDA:17,0,0,-
BRDA:17,0,1,-
DA:19,0
DA:21,0
DA:22,0
BRDA:22,1,0,-
BRDA:22,1,1,-
DA:23,0
DA:24,0
DA:25,0
DA:27,0
BRDA:27,2,0,-
BRDA:27,2,1,-
DA:28,0
DA:29,0
DA:30,0
DA:32,0
FNF:1
FNH:0
LF:18
LH:0
BRF:6
BRH:0
end_of_record
TN:
SF:script/admin/SubmitReport.s.sol
DA:9,0
FN:9,AdminSubmitReport.run
FNDA:0,AdminSubmitReport.run
DA:10,0
DA:12,0
DA:13,0
DA:14,0
DA:15,0
DA:16,0
DA:27,0
DA:28,0
DA:29,0
FNF:1
FNH:0
LF:10
LH:0
BRF:0
BRH:0
end_of_record
TN:
SF:script/admin/testnet/Deploy.s.sol
DA:35,0
FN:35,Deploy.run
FNDA:0,Deploy.run
DA:36,0
DA:37,0
DA:38,0
BRDA:38,0,0,-
BRDA:38,0,1,-
DA:39,0
DA:40,0
DA:41,0
DA:43,0
DA:44,0
DA:47,0
DA:48,0
DA:50,0
DA:51,0
DA:52,0
DA:53,0
DA:54,0
DA:55,0
DA:56,0
DA:57,0
DA:59,0
DA:60,0
DA:63,0
FN:63,Deploy._loadEnv
FNDA:0,Deploy._loadEnv
DA:64,0
DA:65,0
DA:68,0
FN:68,Deploy._deployCore
FNDA:0,Deploy._deployCore
DA:70,0
DA:71,0
DA:73,0
DA:74,0
DA:75,0
DA:76,0
DA:78,0
DA:79,0
DA:80,0
DA:89,0
DA:90,0
DA:91,0
DA:92,0
DA:93,0
DA:94,0
DA:96,0
DA:97,0
DA:99,0
DA:100,0
DA:101,0
DA:102,0
DA:105,0
FN:105,Deploy._deployRegistry
FNDA:0,Deploy._deployRegistry
DA:106,0
DA:122,0
FN:122,Deploy._transferOwnership
FNDA:0,Deploy._transferOwnership
DA:123,0
DA:124,0
DA:125,0
DA:126,0
DA:127,0
DA:128,0
FNF:5
FNH:0
LF:55
LH:0
BRF:2
BRH:0
end_of_record
TN:
SF:script/company/CreateProgram.s.sol
DA:33,0
FN:33,CreateProgram.run
FNDA:0,CreateProgram.run
DA:34,0
DA:35,0
DA:37,0
DA:38,0
DA:39,0
DA:42,0
FN:42,CreateProgram._loadEnv
FNDA:0,CreateProgram._loadEnv
DA:43,0
DA:44,0
DA:45,0
DA:46,0
DA:49,0
FN:49,CreateProgram._programInfo
FNDA:0,CreateProgram._programInfo
DA:50,0
DA:51,0
DA:53,0
DA:54,0
DA:55,0
DA:56,0
DA:57,0
DA:59,0
DA:60,0
DA:61,0
DA:62,0
DA:63,0
DA:64,0
DA:65,0
DA:66,0
DA:67,0
DA:68,0
DA:71,0
FN:71,CreateProgram._companyKey
FNDA:0,CreateProgram._companyKey
DA:72,0
DA:73,0
DA:75,0
DA:82,0
FN:82,CreateProgram._createProgram
FNDA:0,CreateProgram._createProgram
DA:86,0
DA:87,0
DA:96,0
DA:97,0
DA:98,0
DA:101,0
FN:101,CreateProgram._sum
FNDA:0,CreateProgram._sum
DA:102,0
DA:103,0
DA:107,0
FN:107,CreateProgram._depositForBounty
FNDA:0,CreateProgram._depositForBounty
DA:112,0
DA:113,0
DA:114,0
DA:117,0
FN:117,CreateProgram._depositForProgram
FNDA:0,CreateProgram._depositForProgram
DA:123,0
DA:124,0
DA:126,0
DA:127,0
DA:128,0
BRDA:128,0,0,-
DA:129,0
BRDA:129,1,0,-
BRDA:129,1,1,-
DA:130,0
DA:132,0
DA:133,0
DA:134,0
FNF:8
FNH:0
LF:57
LH:0
BRF:3
BRH:0
end_of_record
TN:
SF:script/company/RequestSecondOpinion.s.sol
DA:9,0
FN:9,CompanyRequestSecondOpinion.run
FNDA:0,CompanyRequestSecondOpinion.run
DA:10,0
DA:12,0
DA:13,0
DA:15,0
DA:16,0
DA:17,0
DA:19,0
DA:24,0
DA:25,0
DA:26,0
FNF:1
FNH:0
LF:11
LH:0
BRF:0
BRH:0
end_of_record
TN:
SF:script/helper/ComputeReportId.s.sol
DA:12,0
FN:12,ComputeReportId.run
FNDA:0,ComputeReportId.run
DA:14,0
DA:15,0
DA:16,0
DA:17,0
DA:31,0
DA:32,0
DA:34,0
DA:35,0
DA:36,0
DA:38,0
DA:39,0
FNF:1
FNH:0
LF:12
LH:0
BRF:0
BRH:0
end_of_record
TN:
SF:script/helper/FundWallets.s.sol
DA:31,0
FN:31,FundWallets.run
FNDA:0,FundWallets.run
DA:32,0
DA:33,0
DA:34,0
BRDA:34,0,0,-
BRDA:34,0,1,-
DA:35,0
DA:36,0
DA:37,0
DA:39,0
DA:41,0
DA:42,0
DA:45,0
DA:46,0
DA:48,0
DA:66,0
FNF:1
FNH:0
LF:14
LH:0
BRF:2
BRH:0
end_of_record
TN:
SF:script/helper/InspectCompanyPenaltyDebt.s.sol
DA:11,0
FN:11,InspectCompanyPenaltyDebt.run
FNDA:0,InspectCompanyPenaltyDebt.run
DA:12,0
DA:13,0
DA:15,0
DA:17,0
DA:19,0
DA:20,0
DA:21,0
DA:24,0
DA:25,0
BRDA:25,0,0,-
DA:26,0
DA:27,0
DA:28,0
DA:29,0
DA:30,0
DA:31,0
DA:33,0
DA:34,0
DA:35,0
DA:36,0
DA:37,0
DA:38,0
DA:39,0
FNF:1
FNH:0
LF:23
LH:0
BRF:1
BRH:0
end_of_record
TN:
SF:script/helper/InspectFeeSettings.s.sol
DA:10,0
FN:10,InspectFeeSettings.run
FNDA:0,InspectFeeSettings.run
DA:11,0
DA:12,0
DA:14,0
DA:15,0
DA:16,0
DA:17,0
DA:18,0
DA:19,0
DA:20,0
DA:21,0
DA:22,0
DA:23,0
FNF:1
FNH:0
LF:13
LH:0
BRF:0
BRH:0
end_of_record
TN:
SF:script/helper/InspectParticipantBalances.s.sol
DA:13,0
FN:13,InspectParticipantBalances.run
FNDA:0,InspectParticipantBalances.run
DA:14,0
DA:15,0
DA:16,0
DA:17,0
DA:18,0
DA:19,0
DA:20,0
DA:22,0
DA:24,0
DA:25,0
DA:27,0
DA:28,0
DA:30,0
DA:31,0
DA:33,0
DA:37,0
FN:37,InspectParticipantBalances._printAccount
FNDA:0,InspectParticipantBalances._printAccount
DA:38,0
DA:39,0
DA:40,0
DA:41,0
FNF:2
FNH:0
LF:21
LH:0
BRF:0
BRH:0
end_of_record
TN:
SF:script/helper/InspectProgram.s.sol
DA:22,0
FN:22,InspectProgram.run
FNDA:0,InspectProgram.run
DA:23,0
DA:24,0
DA:25,0
DA:27,0
DA:29,0
DA:30,0
BRDA:30,0,0,-
DA:31,0
DA:32,0
DA:35,0
DA:36,0
DA:37,0
DA:38,0
DA:39,0
DA:40,0
DA:41,0
DA:42,0
DA:43,0
DA:45,0
DA:46,0
DA:48,0
DA:49,0
DA:50,0
DA:52,0
DA:53,0
DA:54,0
BRDA:54,1,0,-
DA:55,0
DA:56,0
DA:61,0
FN:61,InspectProgram._loadEnv
FNDA:0,InspectProgram._loadEnv
DA:62,0
DA:63,0
DA:64,0
DA:65,0
DA:68,0
FN:68,InspectProgram._statusLabel
FNDA:0,InspectProgram._statusLabel
DA:69,0
BRDA:69,2,0,-
DA:70,0
DA:72,0
BRDA:72,3,0,-
DA:73,0
DA:75,0
BRDA:75,4,0,-
DA:76,0
DA:78,0
BRDA:78,5,0,-
DA:79,0
DA:81,0
FNF:3
FNH:0
LF:43
LH:0
BRF:6
BRH:0
end_of_record
TN:
SF:script/helper/InspectReport.s.sol
DA:14,0
FN:14,InspectReport.run
FNDA:0,InspectReport.run
DA:15,0
DA:16,0
DA:17,0
DA:18,0
DA:20,0
DA:21,0
DA:22,0
DA:23,0
DA:26,0
DA:27,0
DA:39,0
DA:40,0
DA:41,0
DA:42,0
DA:44,0
DA:45,0
DA:46,0
DA:48,0
DA:49,0
DA:50,0
DA:52,0
DA:53,0
DA:54,0
DA:56,0
DA:57,0
DA:58,0
DA:59,0
DA:60,0
DA:61,0
DA:62,0
DA:63,0
DA:64,0
DA:65,0
DA:66,0
DA:67,0
DA:68,0
DA:70,0
DA:71,0
DA:72,0
BRDA:72,0,0,-
DA:73,0
DA:74,0
DA:75,0
DA:78,0
DA:79,0
DA:80,0
DA:81,0
DA:82,0
DA:83,0
DA:84,0
DA:86,0
DA:87,0
DA:89,0
DA:90,0
DA:92,0
DA:93,0
DA:94,0
DA:95,0
DA:98,0
FN:98,InspectReport._reportStatusLabel
FNDA:0,InspectReport._reportStatusLabel
DA:99,0
BRDA:99,1,0,-
DA:100,0
BRDA:100,2,0,-
DA:101,0
BRDA:101,3,0,-
DA:102,0
BRDA:102,4,0,-
DA:103,0
BRDA:103,5,0,-
DA:104,0
BRDA:104,6,0,-
DA:105,0
BRDA:105,7,0,-
DA:106,0
BRDA:106,8,0,-
DA:107,0
BRDA:107,9,0,-
DA:108,0
BRDA:108,10,0,-
DA:109,0
BRDA:109,11,0,-
DA:110,0
BRDA:110,12,0,-
DA:111,0
BRDA:111,13,0,-
DA:112,0
FNF:2
FNH:0
LF:73
LH:0
BRF:14
BRH:0
end_of_record
TN:
SF:script/helper/WarpTime.s.sol
DA:10,0
FN:10,WarpTime.run
FNDA:0,WarpTime.run
DA:12,0
DA:14,0
DA:15,0
DA:16,0
FNF:1
FNH:0
LF:5
LH:0
BRF:0
BRH:0
end_of_record
TN:
SF:script/judge/ApprovePrimary.s.sol
DA:9,0
FN:9,JudgeApprovePrimary.run
FNDA:0,JudgeApprovePrimary.run
DA:10,0
DA:12,0
DA:13,0
DA:14,0
DA:17,0
DA:18,0
DA:31,0
DA:32,0
DA:33,0
FNF:1
FNH:0
LF:10
LH:0
BRF:0
BRH:0
end_of_record
TN:
SF:script/judge/ApproveSecondOpinion.s.sol
DA:14,0
FN:14,JudgeApproveSecondOpinion.run
FNDA:0,JudgeApproveSecondOpinion.run
DA:15,0
DA:17,0
DA:18,0
DA:19,0
DA:20,0
DA:24,0
DA:25,0
DA:27,0
DA:28,0
DA:29,0
FNF:1
FNH:0
LF:11
LH:0
BRF:0
BRH:0
end_of_record
TN:
SF:script/judge/FinalizeAndPay.s.sol
DA:9,0
FN:9,JudgeFinalizeAndPay.run
FNDA:0,JudgeFinalizeAndPay.run
DA:10,0
DA:12,0
DA:13,0
DA:14,0
DA:15,0
DA:19,0
DA:20,0
DA:22,0
DA:23,0
DA:24,0
FNF:1
FNH:0
LF:11
LH:0
BRF:0
BRH:0
end_of_record
TN:
SF:script/judge/FinalizeEscalation.s.sol
DA:12,0
FN:12,JudgeFinalizeEscalation.run
FNDA:0,JudgeFinalizeEscalation.run
DA:13,0
DA:15,0
DA:16,0
DA:17,0
DA:18,0
DA:22,0
DA:23,0
DA:25,0
DA:26,0
DA:27,0
FNF:1
FNH:0
LF:11
LH:0
BRF:0
BRH:0
end_of_record
TN:
SF:script/researcher/EscalateReport.s.sol
DA:9,0
FN:9,ResearcherEscalateReport.run
FNDA:0,ResearcherEscalateReport.run
DA:10,0
DA:12,0
DA:13,0
DA:14,0
DA:15,0
DA:16,0
DA:21,0
DA:22,0
DA:23,0
FNF:1
FNH:0
LF:10
LH:0
BRF:0
BRH:0
end_of_record
TN:
SF:src/BountyProgramRegistry.sol
DA:135,3
FN:135,BountyProgramRegistry.onlyAdmin
FNDA:3,BountyProgramRegistry.onlyAdmin
DA:136,3
BRDA:136,0,0,-
BRDA:136,0,1,-
DA:140,0
FN:140,BountyProgramRegistry.onlyProgramOwner
FNDA:0,BountyProgramRegistry.onlyProgramOwner
DA:141,0
BRDA:141,1,0,-
BRDA:141,1,1,-
DA:145,291
FN:145,BountyProgramRegistry.onlyEscrowVault
FNDA:291,BountyProgramRegistry.onlyEscrowVault
DA:146,291
BRDA:146,2,0,-
BRDA:146,2,1,-
DA:150,2737
FN:150,BountyProgramRegistry.onlyPayoutController
FNDA:2737,BountyProgramRegistry.onlyPayoutController
DA:151,2737
BRDA:151,3,0,-
BRDA:151,3,1,-
DA:158,89
FN:158,BountyProgramRegistry.constructor
FNDA:89,BountyProgramRegistry.constructor
DA:172,89
BRDA:172,4,0,-
BRDA:172,4,1,-
DA:173,89
BRDA:173,5,0,-
BRDA:173,5,1,-
DA:174,89
BRDA:174,6,0,-
BRDA:174,6,1,-
DA:175,89
DA:176,89
DA:177,89
DA:178,89
DA:186,89
DA:188,89
DA:194,0
FN:194,BountyProgramRegistry.setAdmin
FNDA:0,BountyProgramRegistry.setAdmin
DA:195,0
BRDA:195,7,0,-
BRDA:195,7,1,-
DA:196,0
BRDA:196,8,0,-
BRDA:196,8,1,-
DA:197,0
DA:201,0
FN:201,BountyProgramRegistry.acceptAdmin
FNDA:0,BountyProgramRegistry.acceptAdmin
DA:202,0
BRDA:202,9,0,-
BRDA:202,9,1,-
DA:203,0
DA:204,0
DA:205,0
DA:211,0
FN:211,BountyProgramRegistry.setTreasury
FNDA:0,BountyProgramRegistry.setTreasury
DA:212,0
BRDA:212,10,0,-
BRDA:212,10,1,-
DA:213,0
BRDA:213,11,0,-
BRDA:213,11,1,-
DA:214,0
DA:215,0
DA:220,89
FN:220,BountyProgramRegistry.setEscrowVault
FNDA:89,BountyProgramRegistry.setEscrowVault
DA:221,89
BRDA:221,12,0,-
BRDA:221,12,1,-
DA:222,89
BRDA:222,13,0,-
BRDA:222,13,1,-
DA:223,89
DA:224,89
DA:229,89
FN:229,BountyProgramRegistry.setJudgeRegistry
FNDA:89,BountyProgramRegistry.setJudgeRegistry
DA:230,89
BRDA:230,14,0,-
BRDA:230,14,1,-
DA:231,89
BRDA:231,15,0,-
BRDA:231,15,1,-
DA:232,89
DA:233,89
DA:238,89
FN:238,BountyProgramRegistry.setPayoutController
FNDA:89,BountyProgramRegistry.setPayoutController
DA:239,89
BRDA:239,16,0,-
BRDA:239,16,1,-
DA:240,89
BRDA:240,17,0,-
BRDA:240,17,1,-
DA:241,89
DA:242,89
DA:247,2
FN:247,BountyProgramRegistry.setAllowedPayoutToken
FNDA:2,BountyProgramRegistry.setAllowedPayoutToken
DA:248,2
BRDA:248,18,0,-
BRDA:248,18,1,-
DA:249,2
BRDA:249,19,0,-
BRDA:249,19,1,-
DA:250,2
DA:251,2
DA:256,59
FN:256,BountyProgramRegistry.setReportManager
FNDA:59,BountyProgramRegistry.setReportManager
DA:257,59
BRDA:257,20,0,-
BRDA:257,20,1,-
DA:258,59
BRDA:258,21,0,-
BRDA:258,21,1,-
DA:259,59
DA:266,86993
FN:266,BountyProgramRegistry.initiateRefund
FNDA:86993,BountyProgramRegistry.initiateRefund
DA:267,86993
DA:268,86993
BRDA:268,22,0,-
BRDA:268,22,1,-
DA:269,86993
BRDA:269,23,0,-
BRDA:269,23,1,-
DA:270,22277
BRDA:270,24,0,22277
BRDA:270,24,1,10432
DA:271,86993
BRDA:271,25,0,-
BRDA:271,25,1,-
DA:272,12306
BRDA:272,26,0,12306
BRDA:272,26,1,-
DA:274,12306
DA:275,748
DA:276,12306
DA:278,12306
DA:286,10898
FN:286,BountyProgramRegistry.cancelRefund
FNDA:10898,BountyProgramRegistry.cancelRefund
DA:287,10898
DA:288,10898
BRDA:288,27,0,-
BRDA:288,27,1,-
DA:289,10898
BRDA:289,28,0,-
BRDA:289,28,1,-
DA:290,0
BRDA:290,29,0,-
BRDA:290,29,1,-
DA:292,0
DA:293,10898
DA:294,0
DA:295,0
BRDA:295,30,0,-
BRDA:295,30,1,-
DA:298,0
DA:299,0
DA:300,0
DA:301,0
DA:302,0
DA:303,0
BRDA:303,31,0,-
DA:305,0
DA:306,0
DA:307,0
DA:309,0
DA:317,21362
FN:317,BountyProgramRegistry.executeRefund
FNDA:21362,BountyProgramRegistry.executeRefund
DA:318,21362
DA:319,21362
BRDA:319,32,0,-
BRDA:319,32,1,-
DA:320,21362
BRDA:320,33,0,-
BRDA:320,33,1,-
DA:321,21362
BRDA:321,34,0,-
BRDA:321,34,1,-
DA:322,744
BRDA:322,35,0,-
BRDA:322,35,1,-
DA:323,21362
BRDA:323,36,0,-
BRDA:323,36,1,-
DA:324,740
BRDA:324,37,0,740
BRDA:324,37,1,-
DA:326,740
DA:327,740
DA:329,740
DA:331,739
DA:341,599
FN:341,BountyProgramRegistry.createProgram
FNDA:599,BountyProgramRegistry.createProgram
DA:342,599
BRDA:342,38,0,-
BRDA:342,38,1,-
DA:343,599
BRDA:343,39,0,-
BRDA:343,39,1,-
DA:344,599
BRDA:344,40,0,-
BRDA:344,40,1,-
DA:345,599
BRDA:345,41,0,-
BRDA:345,41,1,-
DA:346,597
BRDA:346,42,0,-
BRDA:346,42,1,-
DA:347,597
BRDA:347,43,0,-
BRDA:347,43,1,-
DA:349,596
DA:350,596
DA:351,596
DA:353,597
DA:362,596
FN:362,BountyProgramRegistry._storeProgramConfig
FNDA:596,BountyProgramRegistry._storeProgramConfig
DA:363,596
DA:364,596
DA:365,596
DA:366,596
DA:367,596
DA:368,596
DA:369,596
DA:370,596
DA:371,596
DA:372,596
DA:373,596
DA:374,596
DA:375,596
DA:376,596
DA:377,596
DA:378,596
DA:379,596
DA:380,596
DA:383,596
FN:383,BountyProgramRegistry._storePayoutSchedule
FNDA:596,BountyProgramRegistry._storePayoutSchedule
DA:388,596
DA:389,596
BRDA:389,44,0,587
DA:390,587
DA:393,596
DA:394,596
DA:395,2292
DA:396,2292
BRDA:396,45,0,-
BRDA:396,45,1,-
DA:397,2292
BRDA:397,46,0,-
BRDA:397,46,1,-
DA:399,2292
DA:400,2292
BRDA:400,47,0,-
BRDA:400,47,1,-
DA:401,2291
DA:403,2291
DA:404,2291
BRDA:404,48,0,-
BRDA:404,48,1,-
DA:405,2291
DA:406,2291
DA:408,2291
DA:412,595
FN:412,BountyProgramRegistry._programConfigHash
FNDA:595,BountyProgramRegistry._programConfigHash
DA:413,595
DA:414,595
DA:422,1954
FN:422,BountyProgramRegistry.activateFromDeposit
FNDA:1954,BountyProgramRegistry.activateFromDeposit
DA:423,1954
DA:424,1954
BRDA:424,49,0,-
BRDA:424,49,1,-
DA:425,1954
BRDA:425,50,0,1954
DA:426,1954
DA:427,1954
DA:428,1954
DA:435,291
FN:435,BountyProgramRegistry.deactivateFromPaidBounty
FNDA:291,BountyProgramRegistry.deactivateFromPaidBounty
DA:436,291
DA:437,291
BRDA:437,51,0,-
BRDA:437,51,1,-
DA:438,291
BRDA:438,52,0,290
DA:439,290
DA:440,290
DA:441,290
DA:449,1674
FN:449,BountyProgramRegistry.setCompanyPenalty
FNDA:1674,BountyProgramRegistry.setCompanyPenalty
DA:450,1674
DA:451,1674
BRDA:451,53,0,-
BRDA:451,53,1,-
DA:452,1674
BRDA:452,54,0,-
BRDA:452,54,1,-
DA:454,1674
DA:455,1674
DA:456,1674
DA:466,2737
FN:466,BountyProgramRegistry.setJudgePenalty
FNDA:2737,BountyProgramRegistry.setJudgePenalty
DA:470,2737
DA:471,2737
BRDA:471,55,0,-
BRDA:471,55,1,-
DA:472,2737
BRDA:472,56,0,-
BRDA:472,56,1,-
DA:474,2737
DA:475,2737
DA:476,2737
DA:477,2737
DA:486,227094
FN:486,BountyProgramRegistry.getProgram
FNDA:227094,BountyProgramRegistry.getProgram
DA:487,227094
DA:492,0
FN:492,BountyProgramRegistry.getTreasuryFeeBps
FNDA:0,BountyProgramRegistry.getTreasuryFeeBps
DA:493,0
DA:498,0
FN:498,BountyProgramRegistry.getJudgeFeeBps
FNDA:0,BountyProgramRegistry.getJudgeFeeBps
DA:499,0
DA:504,0
FN:504,BountyProgramRegistry.getEscalationCriticalBps
FNDA:0,BountyProgramRegistry.getEscalationCriticalBps
DA:505,0
DA:510,0
FN:510,BountyProgramRegistry.getEscalationHighBps
FNDA:0,BountyProgramRegistry.getEscalationHighBps
DA:511,0
DA:516,0
FN:516,BountyProgramRegistry.getEscalationMediumBps
FNDA:0,BountyProgramRegistry.getEscalationMediumBps
DA:517,0
DA:522,0
FN:522,BountyProgramRegistry.getEscalationLowBps
FNDA:0,BountyProgramRegistry.getEscalationLowBps
DA:523,0
DA:528,33502
FN:528,BountyProgramRegistry.getCompanyPenaltyBps
FNDA:33502,BountyProgramRegistry.getCompanyPenaltyBps
DA:529,33502
DA:534,2738
FN:534,BountyProgramRegistry.getJudgePenaltyInvalidBps
FNDA:2738,BountyProgramRegistry.getJudgePenaltyInvalidBps
DA:535,2738
DA:540,2739
FN:540,BountyProgramRegistry.getJudgePenaltyDowngradeBps
FNDA:2739,BountyProgramRegistry.getJudgePenaltyDowngradeBps
DA:541,2739
DA:554,1
FN:554,BountyProgramRegistry.updateFeesEscalations
FNDA:1,BountyProgramRegistry.updateFeesEscalations
DA:562,1
BRDA:562,57,0,-
BRDA:562,57,1,-
DA:563,1
DA:572,0
DA:575,89
FN:575,BountyProgramRegistry._setGlobalFeesAndEscalations
FNDA:89,BountyProgramRegistry._setGlobalFeesAndEscalations
DA:583,89
DA:584,89
DA:585,89
DA:586,89
DA:587,89
DA:588,89
DA:591,89
FN:591,BountyProgramRegistry._setGlobalPenalties
FNDA:89,BountyProgramRegistry._setGlobalPenalties
DA:596,89
DA:597,89
DA:598,89
FNF:37
FNH:27
LF:212
LH:169
BRF:112
BRH:7
end_of_record
TN:
SF:src/EscrowVault.sol
DA:68,2
FN:68,EscrowVault.onlyAdmin
FNDA:2,EscrowVault.onlyAdmin
DA:69,2
BRDA:69,0,0,-
BRDA:69,0,1,-
DA:73,140
FN:73,EscrowVault.onlyPayoutController
FNDA:140,EscrowVault.onlyPayoutController
DA:74,140
BRDA:74,1,0,-
BRDA:74,1,1,-
DA:82,90
FN:82,EscrowVault.constructor
FNDA:90,EscrowVault.constructor
DA:83,90
BRDA:83,2,0,-
BRDA:83,2,1,-
DA:84,90
BRDA:84,3,0,-
BRDA:84,3,1,-
DA:85,90
DA:86,90
DA:87,90
DA:93,0
FN:93,EscrowVault.setAdmin
FNDA:0,EscrowVault.setAdmin
DA:94,0
BRDA:94,4,0,-
BRDA:94,4,1,-
DA:95,0
BRDA:95,5,0,-
BRDA:95,5,1,-
DA:96,0
DA:100,0
FN:100,EscrowVault.acceptAdmin
FNDA:0,EscrowVault.acceptAdmin
DA:101,0
BRDA:101,6,0,-
BRDA:101,6,1,-
DA:102,0
DA:103,0
DA:104,0
DA:110,88
FN:110,EscrowVault.setPayoutController
FNDA:88,EscrowVault.setPayoutController
DA:111,88
BRDA:111,7,0,-
BRDA:111,7,1,-
DA:112,88
BRDA:112,8,0,-
BRDA:112,8,1,-
DA:113,88
DA:114,88
DA:123,65451
FN:123,EscrowVault.deposit
FNDA:65451,EscrowVault.deposit
DA:124,65451
BRDA:124,9,0,-
BRDA:124,9,1,-
DA:125,65451
BRDA:125,10,0,-
BRDA:125,10,1,-
DA:126,65451
DA:127,65451
BRDA:127,11,0,-
BRDA:127,11,1,-
DA:128,65451
BRDA:128,12,0,-
BRDA:128,12,1,-
DA:132,1956
BRDA:132,13,0,-
BRDA:132,13,1,-
DA:136,1956
DA:137,1956
DA:139,1956
DA:140,1956
BRDA:140,14,0,1956
BRDA:140,14,1,-
DA:143,1956
DA:144,1956
DA:145,1956
BRDA:145,15,0,266
DA:146,266
DA:147,266
BRDA:147,16,0,266
DA:148,266
DA:152,1956
DA:154,1956
BRDA:154,17,0,2
DA:155,2
BRDA:155,18,0,2
DA:156,2
DA:157,2
BRDA:157,19,0,-
BRDA:157,19,1,-
DA:159,1
DA:160,1
DA:161,1
DA:164,1954
DA:165,1954
BRDA:165,20,0,-
BRDA:165,20,1,-
DA:166,1954
BRDA:166,21,0,-
BRDA:166,21,1,-
DA:167,1954
DA:169,1954
DA:170,1954
DA:171,1954
BRDA:171,22,0,1954
DA:172,1954
DA:173,1954
DA:176,1954
BRDA:176,23,0,1946
DA:177,1946
DA:178,1946
DA:179,1946
BRDA:179,24,0,-
BRDA:179,24,1,-
DA:182,1953
DA:183,1953
DA:185,1953
BRDA:185,25,0,1953
DA:186,1953
BRDA:186,26,0,1953
BRDA:186,26,1,-
DA:189,1953
DA:191,1953
DA:199,3
FN:199,EscrowVault.payPenaltyDebt
FNDA:3,EscrowVault.payPenaltyDebt
DA:200,3
BRDA:200,27,0,-
BRDA:200,27,1,-
DA:201,3
DA:202,3
BRDA:202,28,0,-
BRDA:202,28,1,-
DA:203,3
BRDA:203,29,0,-
BRDA:203,29,1,-
DA:204,3
BRDA:204,30,0,-
BRDA:204,30,1,-
DA:206,1
DA:207,1
BRDA:207,31,0,-
BRDA:207,31,1,-
DA:208,1
BRDA:208,32,0,-
BRDA:208,32,1,-
DA:210,1
DA:211,1
BRDA:211,33,0,1
BRDA:211,33,1,-
DA:213,1
DA:222,935
FN:222,EscrowVault.payoutBounty
FNDA:935,EscrowVault.payoutBounty
DA:223,935
BRDA:223,34,0,-
BRDA:223,34,1,-
DA:224,935
BRDA:224,35,0,-
BRDA:224,35,1,-
DA:225,935
DA:226,935
BRDA:226,36,0,-
BRDA:226,36,1,-
DA:227,935
DA:229,935
DA:230,935
DA:231,935
BRDA:231,37,0,935
BRDA:231,37,1,-
DA:233,935
DA:234,935
BRDA:234,38,0,289
DA:235,289
DA:238,935
DA:247,1609
FN:247,EscrowVault.payoutJudge
FNDA:1609,EscrowVault.payoutJudge
DA:248,1609
BRDA:248,39,0,-
BRDA:248,39,1,-
DA:249,1609
BRDA:249,40,0,-
BRDA:249,40,1,-
DA:250,1609
DA:251,1609
BRDA:251,41,0,-
BRDA:251,41,1,-
DA:252,1609
DA:254,1609
DA:255,1609
DA:256,1609
DA:257,1609
BRDA:257,42,0,-
BRDA:257,42,1,-
DA:258,1609
BRDA:258,43,0,1609
BRDA:258,43,1,-
DA:259,1609
DA:266,140
FN:266,EscrowVault.allocateEscalationJudgeBalance
FNDA:140,EscrowVault.allocateEscalationJudgeBalance
DA:267,140
BRDA:267,44,0,-
BRDA:267,44,1,-
DA:268,140
DA:269,140
BRDA:269,45,0,-
BRDA:269,45,1,-
DA:270,140
DA:271,140
DA:272,140
DA:281,140
FN:281,EscrowVault.payoutTreasuryFee
FNDA:140,EscrowVault.payoutTreasuryFee
DA:282,140
BRDA:282,46,0,-
BRDA:282,46,1,-
DA:283,140
BRDA:283,47,0,-
BRDA:283,47,1,-
DA:284,140
DA:285,140
BRDA:285,48,0,-
BRDA:285,48,1,-
DA:286,140
DA:287,140
DA:288,140
DA:289,140
BRDA:289,49,0,140
BRDA:289,49,1,-
DA:290,140
DA:291,0
DA:298,741
FN:298,EscrowVault.refund
FNDA:741,EscrowVault.refund
DA:299,741
BRDA:299,50,0,-
BRDA:299,50,1,-
DA:300,740
DA:301,740
BRDA:301,51,0,-
BRDA:301,51,1,-
DA:302,740
BRDA:302,52,0,-
BRDA:302,52,1,-
DA:304,740
DA:305,740
DA:306,740
DA:308,740
DA:309,740
BRDA:309,53,0,3
DA:310,3
BRDA:310,54,0,-
BRDA:310,54,1,-
DA:311,3
DA:314,739
DA:315,739
DA:316,739
DA:318,739
DA:319,739
BRDA:319,55,0,289
DA:320,289
BRDA:320,56,0,289
BRDA:320,56,1,-
DA:322,739
BRDA:322,57,0,289
DA:323,289
BRDA:323,58,0,289
BRDA:323,58,1,-
DA:325,739
DA:335,689
FN:335,EscrowVault.accrueCompanyPenalty
FNDA:689,EscrowVault.accrueCompanyPenalty
DA:342,689
BRDA:342,59,0,-
BRDA:342,59,1,-
DA:343,689
BRDA:343,60,0,-
BRDA:343,60,1,-
DA:344,689
BRDA:344,61,0,-
BRDA:344,61,1,-
DA:345,689
BRDA:345,62,0,-
BRDA:345,62,1,-
DA:347,689
DA:348,689
DA:349,689
DA:350,689
DA:352,689
DA:353,689
DA:354,689
DA:355,689
DA:356,689
DA:357,689
DA:359,689
DA:360,689
DA:361,689
DA:369,1
FN:369,EscrowVault.emergencyBountyPayout
FNDA:1,EscrowVault.emergencyBountyPayout
DA:370,1
BRDA:370,63,0,-
BRDA:370,63,1,-
DA:371,1
BRDA:371,64,0,-
BRDA:371,64,1,-
DA:372,1
DA:373,1
BRDA:373,65,0,-
BRDA:373,65,1,-
DA:374,1
DA:375,1
DA:376,1
DA:377,1
BRDA:377,66,0,1
BRDA:377,66,1,-
DA:378,1
DA:379,1
BRDA:379,67,0,1
DA:380,1
DA:382,1
DA:388,17587
FN:388,EscrowVault.getJudgeFee
FNDA:17587,EscrowVault.getJudgeFee
DA:389,17587
DA:395,2
FN:395,EscrowVault.getBountyBalance
FNDA:2,EscrowVault.getBountyBalance
DA:396,2
DA:402,0
FN:402,EscrowVault.getCompanyPenaltyDebt
FNDA:0,EscrowVault.getCompanyPenaltyDebt
DA:403,0
DA:409,2
FN:409,EscrowVault.getProgramPenaltyReportsLength
FNDA:2,EscrowVault.getProgramPenaltyReportsLength
DA:410,2
DA:417,1
FN:417,EscrowVault.sumReportPenaltyDebts
FNDA:1,EscrowVault.sumReportPenaltyDebts
DA:418,1
DA:419,1
DA:420,1
DA:421,2
DA:433,269
FN:433,EscrowVault._applyPenaltyPayment
FNDA:269,EscrowVault._applyPenaltyPayment
DA:439,269
DA:440,269
DA:441,269
DA:443,269
DA:444,272
DA:445,272
DA:446,272
BRDA:446,68,0,-
DA:449,272
DA:450,272
BRDA:450,69,0,-
DA:452,272
DA:454,272
DA:455,272
DA:457,272
DA:458,272
DA:459,272
DA:460,272
DA:461,272
BRDA:461,70,0,-
DA:462,0
DA:463,0
DA:466,272
DA:467,272
DA:468,272
DA:469,272
DA:471,272
BRDA:471,71,0,272
DA:472,272
BRDA:472,72,0,272
BRDA:472,72,1,-
DA:474,272
BRDA:474,73,0,272
DA:475,272
DA:476,272
BRDA:476,74,0,-
BRDA:476,74,1,-
DA:477,272
BRDA:477,75,0,272
BRDA:477,75,1,-
DA:479,272
BRDA:479,76,0,272
DA:480,272
DA:481,272
BRDA:481,77,0,-
BRDA:481,77,1,-
DA:482,272
BRDA:482,78,0,272
BRDA:482,78,1,-
DA:486,269
DA:487,269
BRDA:487,79,0,269
FNF:21
FNH:18
LF:224
LH:210
BRF:141
BRH:28
end_of_record
TN:
SF:src/Faucet.sol
DA:20,6
FN:20,Faucet.constructor
FNDA:6,Faucet.constructor
DA:21,6
BRDA:21,0,0,-
BRDA:21,0,1,-
DA:22,6
DA:27,9
FN:27,Faucet.claim
FNDA:9,Faucet.claim
DA:28,9
BRDA:28,1,0,1
DA:29,8
DA:30,8
BRDA:30,2,0,1
DA:31,7
BRDA:31,3,0,1
DA:33,6
DA:34,6
DA:35,6
DA:37,6
DA:38,6
BRDA:38,4,0,-
BRDA:38,4,1,-
DA:41,2
FN:41,Faucet.withdraw
FNDA:2,Faucet.withdraw
DA:42,2
BRDA:42,5,0,1
DA:43,1
DA:44,1
BRDA:44,6,0,-
BRDA:44,6,1,-
DA:47,0
FN:47,Faucet.setAdmin
FNDA:0,Faucet.setAdmin
DA:48,0
BRDA:48,7,0,-
DA:49,0
BRDA:49,8,0,-
BRDA:49,8,1,-
DA:50,0
FNF:4
FNH:3
LF:21
LH:17
BRF:13
BRH:4
end_of_record
TN:
SF:src/JudgeRegistry.sol
DA:14,88
FN:14,JudgeRegistry.onlyAdmin
FNDA:88,JudgeRegistry.onlyAdmin
DA:15,88
BRDA:15,0,0,-
BRDA:15,0,1,-
DA:19,29723
FN:19,JudgeRegistry.onlyAdminOrReportManager
FNDA:29723,JudgeRegistry.onlyAdminOrReportManager
DA:20,29723
BRDA:20,1,0,-
BRDA:20,1,1,-
DA:21,29723
BRDA:21,2,0,29723
BRDA:21,2,1,29622
DA:28,90
FN:28,JudgeRegistry.constructor
FNDA:90,JudgeRegistry.constructor
DA:29,90
BRDA:29,3,0,-
BRDA:29,3,1,-
DA:30,90
DA:31,90
DA:37,1
FN:37,JudgeRegistry.setAdmin
FNDA:1,JudgeRegistry.setAdmin
DA:38,1
BRDA:38,4,0,-
BRDA:38,4,1,-
DA:39,1
BRDA:39,5,0,-
BRDA:39,5,1,-
DA:40,1
DA:44,1
FN:44,JudgeRegistry.acceptAdmin
FNDA:1,JudgeRegistry.acceptAdmin
DA:45,1
BRDA:45,6,0,-
BRDA:45,6,1,-
DA:46,1
DA:47,1
DA:48,1
DA:53,88
FN:53,JudgeRegistry.setReportManager
FNDA:88,JudgeRegistry.setReportManager
DA:54,88
BRDA:54,7,0,-
BRDA:54,7,1,-
DA:55,88
BRDA:55,8,0,-
BRDA:55,8,1,-
DA:56,88
DA:57,88
DA:64,29723
FN:64,JudgeRegistry.setJudge
FNDA:29723,JudgeRegistry.setJudge
DA:65,29723
BRDA:65,9,0,-
BRDA:65,9,1,-
DA:66,29723
DA:67,29723
DA:74,1
FN:74,JudgeRegistry.batchSetJudges
FNDA:1,JudgeRegistry.batchSetJudges
DA:75,1
DA:76,1
DA:77,2
DA:78,2
BRDA:78,10,0,-
BRDA:78,10,1,-
DA:79,2
DA:80,2
FNF:8
FNH:8
LF:34
LH:34
BRF:22
BRH:2
end_of_record
TN:
SF:src/PayoutController.sol
DA:31,2
FN:31,PayoutController.onlyAdmin
FNDA:2,PayoutController.onlyAdmin
DA:32,2
BRDA:32,0,0,-
BRDA:32,0,1,-
DA:43,89
FN:43,PayoutController.constructor
FNDA:89,PayoutController.constructor
DA:51,89
BRDA:51,1,0,-
BRDA:51,1,1,-
DA:52,89
BRDA:52,2,0,-
BRDA:52,2,1,-
DA:53,89
BRDA:53,3,0,-
BRDA:53,3,1,-
DA:54,89
BRDA:54,4,0,-
BRDA:54,4,1,-
DA:55,89
BRDA:55,5,0,-
BRDA:55,5,1,-
DA:56,89
DA:57,89
DA:58,89
DA:59,89
DA:60,89
DA:61,89
DA:65,1
FN:65,PayoutController.setRegistry
FNDA:1,PayoutController.setRegistry
DA:66,1
BRDA:66,6,0,-
BRDA:66,6,1,-
DA:67,1
BRDA:67,7,0,-
BRDA:67,7,1,-
DA:68,1
DA:69,1
DA:73,1
FN:73,PayoutController.setEscrow
FNDA:1,PayoutController.setEscrow
DA:74,1
BRDA:74,8,0,-
BRDA:74,8,1,-
DA:75,1
BRDA:75,9,0,-
BRDA:75,9,1,-
DA:76,1
DA:77,1
DA:81,1
FN:81,PayoutController.setJudges
FNDA:1,PayoutController.setJudges
DA:82,1
BRDA:82,10,0,-
BRDA:82,10,1,-
DA:83,1
BRDA:83,11,0,-
BRDA:83,11,1,-
DA:84,1
DA:85,1
DA:89,1
FN:89,PayoutController.setReports
FNDA:1,PayoutController.setReports
DA:90,1
BRDA:90,12,0,-
BRDA:90,12,1,-
DA:91,1
BRDA:91,13,0,-
BRDA:91,13,1,-
DA:92,1
DA:93,1
DA:103,66668
FN:103,PayoutController.approvePrimary
FNDA:66668,PayoutController.approvePrimary
DA:109,66668
BRDA:109,14,0,66668
BRDA:109,14,1,-
DA:110,33649
BRDA:110,15,0,-
BRDA:110,15,1,-
DA:111,33649
BRDA:111,16,0,-
BRDA:111,16,1,-
DA:112,33649
BRDA:112,17,0,-
BRDA:112,17,1,-
DA:114,33649
DA:115,33649
BRDA:115,18,0,-
BRDA:115,18,1,-
DA:116,33649
BRDA:116,19,0,-
BRDA:116,19,1,-
DA:118,33441
DA:119,33441
DA:120,33441
BRDA:120,20,0,-
BRDA:120,20,1,-
DA:122,16050
DA:123,16050
BRDA:123,21,0,-
BRDA:123,21,1,-
DA:125,16050
BRDA:125,22,0,16050
BRDA:125,22,1,-
DA:126,16049
DA:127,16049
DA:128,16049
DA:129,16049
BRDA:129,23,0,16047
DA:130,16047
DA:131,16047
BRDA:131,24,0,-
BRDA:131,24,1,-
DA:132,16046
BRDA:132,25,0,16046
BRDA:132,25,1,-
DA:133,16046
DA:134,16046
DA:135,16046
BRDA:135,26,0,16046
DA:136,16046
BRDA:136,27,0,-
BRDA:136,27,1,-
DA:140,16048
DA:141,16048
DA:153,16048
DA:169,33337
FN:169,PayoutController.escalateReport
FNDA:33337,PayoutController.escalateReport
DA:170,33337
BRDA:170,28,0,-
BRDA:170,28,1,-
DA:171,33337
BRDA:171,29,0,-
BRDA:171,29,1,-
DA:172,33337
DA:173,33337
DA:174,33337
BRDA:174,30,0,-
BRDA:174,30,1,-
DA:175,33337
BRDA:175,31,0,-
BRDA:175,31,1,-
DA:177,28399
BRDA:177,32,0,28399
BRDA:177,32,1,18914
DA:182,33337
BRDA:182,33,0,-
BRDA:182,33,1,-
DA:184,1063
DA:186,1063
DA:187,1063
BRDA:187,34,0,-
BRDA:187,34,1,-
DA:189,1063
DA:190,1063
DA:195,1063
DA:203,31827
FN:203,PayoutController.requestSecondOpinion
FNDA:31827,PayoutController.requestSecondOpinion
DA:208,31827
BRDA:208,35,0,-
BRDA:208,35,1,-
DA:209,31827
BRDA:209,36,0,-
BRDA:209,36,1,-
DA:210,31827
BRDA:210,37,0,31827
BRDA:210,37,1,-
DA:211,31827
DA:212,31827
BRDA:212,38,0,-
BRDA:212,38,1,-
DA:214,31827
DA:215,31827
DA:216,31827
BRDA:216,39,0,-
BRDA:216,39,1,-
DA:220,12458
BRDA:220,40,0,-
BRDA:220,40,1,-
DA:222,0
DA:223,1674
DA:224,2145
BRDA:224,41,0,471
DA:225,471
DA:227,1674
BRDA:227,42,0,1674
DA:228,1674
DA:229,1674
DA:232,1674
BRDA:232,43,0,-
BRDA:232,43,1,-
DA:234,1674
DA:237,1674
DA:238,1674
DA:248,32431
FN:248,PayoutController.approveSecondOpinion
FNDA:32431,PayoutController.approveSecondOpinion
DA:255,32431
BRDA:255,44,0,32431
BRDA:255,44,1,-
DA:256,32431
BRDA:256,45,0,-
BRDA:256,45,1,-
DA:257,32431
BRDA:257,46,0,-
BRDA:257,46,1,-
DA:258,32431
BRDA:258,47,0,32431
BRDA:258,47,1,4
DA:260,32431
DA:261,32431
BRDA:261,48,0,-
BRDA:261,48,1,-
DA:262,32431
BRDA:262,49,0,32431
BRDA:262,49,1,233
DA:268,32431
DA:269,32210
DA:270,32210
BRDA:270,50,0,-
BRDA:270,50,1,-
DA:271,2044
BRDA:271,51,0,-
BRDA:271,51,1,-
DA:272,2044
BRDA:272,52,0,-
BRDA:272,52,1,-
DA:274,1130
DA:275,1130
DA:276,1130
DA:278,0
BRDA:278,53,0,689
BRDA:278,53,1,4
DA:279,689
BRDA:279,54,0,-
BRDA:279,54,1,-
DA:280,689
DA:281,689
DA:283,441
BRDA:283,55,0,437
BRDA:283,55,1,4
DA:284,437
BRDA:284,56,0,-
BRDA:284,56,1,-
DA:285,437
DA:286,437
BRDA:286,57,0,-
DA:287,0
DA:288,0
DA:289,0
BRDA:289,58,0,-
DA:290,0
DA:291,0
DA:294,0
BRDA:294,59,0,-
BRDA:294,59,1,-
DA:297,0
DA:298,0
DA:300,437
BRDA:300,60,0,-
BRDA:300,60,1,-
DA:301,123
DA:303,4
BRDA:303,61,0,4
DA:304,4
BRDA:304,62,0,-
BRDA:304,62,1,-
DA:305,4
DA:306,4
DA:309,689
DA:310,816
DA:311,816
BRDA:311,63,0,812
DA:312,812
DA:314,816
BRDA:314,64,0,812
DA:315,812
BRDA:315,65,0,-
BRDA:315,65,1,-
DA:317,816
DA:328,816
BRDA:328,66,0,689
DA:329,689
DA:330,689
BRDA:330,67,0,689
DA:332,689
DA:338,816
BRDA:338,68,0,4
DA:339,4
DA:341,4
BRDA:341,69,0,4
DA:342,4
DA:346,816
DA:355,31883
FN:355,PayoutController.finalizeEscalation
FNDA:31883,PayoutController.finalizeEscalation
DA:362,31883
BRDA:362,70,0,31883
BRDA:362,70,1,-
DA:363,31883
BRDA:363,71,0,-
BRDA:363,71,1,-
DA:364,31883
BRDA:364,72,0,-
BRDA:364,72,1,-
DA:365,31883
DA:366,31883
DA:367,31883
BRDA:367,73,0,-
BRDA:367,73,1,-
DA:368,31883
BRDA:368,74,0,-
BRDA:368,74,1,-
DA:369,3555
BRDA:369,75,0,-
BRDA:369,75,1,-
DA:370,3555
BRDA:370,76,0,-
BRDA:370,76,1,-
DA:371,1525
DA:372,1525
BRDA:372,77,0,1525
BRDA:372,77,1,222
DA:377,1309
BRDA:377,78,0,-
BRDA:377,78,1,-
DA:378,1309
BRDA:378,79,0,1309
BRDA:378,79,1,586
DA:380,1309
DA:382,1309
DA:383,1309
DA:384,0
DA:385,1309
DA:386,0
DA:387,0
DA:388,1309
DA:389,0
BRDA:389,80,0,723
BRDA:389,80,1,586
DA:390,723
BRDA:390,81,0,-
BRDA:390,81,1,-
DA:392,723
BRDA:392,82,0,1
BRDA:392,82,1,566
DA:393,1
DA:394,722
BRDA:394,83,0,566
DA:395,566
DA:398,723
DA:399,723
BRDA:399,84,0,-
BRDA:399,84,1,-
DA:401,723
DA:402,723
BRDA:402,85,0,-
BRDA:402,85,1,-
DA:403,723
BRDA:403,86,0,723
BRDA:403,86,1,-
DA:404,723
DA:405,723
DA:406,723
BRDA:406,87,0,723
DA:407,723
BRDA:407,88,0,-
BRDA:407,88,1,-
DA:409,723
DA:410,723
BRDA:410,89,0,-
BRDA:410,89,1,-
DA:411,723
DA:412,586
BRDA:412,90,0,586
DA:413,586
BRDA:413,91,0,-
BRDA:413,91,1,-
DA:414,0
DA:415,586
DA:416,586
DA:417,586
DA:418,586
DA:421,1309
DA:432,458
DA:441,32929
FN:441,PayoutController.finalizeAndPay
FNDA:32929,PayoutController.finalizeAndPay
DA:442,32929
BRDA:442,92,0,-
BRDA:442,92,1,-
DA:443,32929
BRDA:443,93,0,-
BRDA:443,93,1,-
DA:444,32929
DA:445,32929
DA:446,32929
BRDA:446,94,0,32929
BRDA:446,94,1,18790
DA:454,14139
BRDA:454,95,1,12921
DA:455,13993
DA:456,1218
BRDA:456,95,0,1218
DA:457,1218
BRDA:457,96,0,-
BRDA:457,96,1,-
DA:459,12921
BRDA:459,97,0,-
BRDA:459,97,1,-
DA:462,1482
DA:464,1482
DA:465,1218
DA:466,1072
DA:467,1482
BRDA:467,98,0,1482
DA:468,1482
BRDA:468,99,0,-
BRDA:468,99,1,-
DA:469,1429
DA:470,1429
DA:471,1429
DA:474,1429
DA:475,1429
DA:476,1429
DA:477,1429
DA:478,1429
DA:479,1429
DA:480,1429
DA:482,1429
BRDA:482,100,0,1429
BRDA:482,100,1,1
DA:488,1429
BRDA:488,101,0,140
BRDA:488,101,1,53
DA:489,140
BRDA:489,102,0,-
BRDA:489,102,1,-
DA:490,140
DA:491,140
DA:492,140
BRDA:492,103,0,120
DA:493,120
DA:494,120
BRDA:494,104,0,-
BRDA:494,104,1,-
DA:495,120
DA:496,120
BRDA:496,105,0,-
BRDA:496,105,1,-
DA:499,140
DA:500,140
DA:501,140
DA:502,140
DA:504,140
BRDA:504,106,0,140
DA:506,140
DA:508,140
DA:509,140
DA:512,140
BRDA:512,107,0,1
DA:513,1
DA:514,1
DA:517,140
BRDA:517,108,0,140
DA:518,140
BRDA:518,109,0,140
BRDA:518,109,1,-
DA:520,140
BRDA:520,110,0,139
DA:521,139
DA:522,139
DA:523,139
DA:525,140
BRDA:525,111,0,140
DA:526,140
DA:527,140
DA:528,140
DA:530,1289
BRDA:530,112,0,1025
DA:531,1025
BRDA:531,113,0,-
BRDA:531,113,1,-
DA:533,531
BRDA:533,114,0,478
BRDA:533,114,1,53
DA:534,478
DA:535,478
DA:537,478
DA:538,478
DA:539,53
BRDA:539,115,0,53
DA:540,53
DA:542,53
DA:543,53
BRDA:543,116,0,-
BRDA:543,116,1,53
DA:544,0
DA:546,53
DA:547,53
DA:552,935
BRDA:552,117,0,935
DA:553,935
BRDA:553,118,0,935
BRDA:553,118,1,-
DA:555,935
BRDA:555,119,0,795
DA:556,795
BRDA:556,120,0,795
BRDA:556,120,1,-
DA:557,795
DA:559,935
BRDA:559,121,0,531
DA:560,531
BRDA:560,122,0,-
BRDA:560,122,1,-
DA:561,531
BRDA:561,123,0,531
BRDA:561,123,1,-
DA:562,531
DA:565,935
BRDA:565,124,0,935
BRDA:565,124,1,-
DA:566,935
DA:567,935
DA:568,935
DA:570,0
DA:577,0
FN:577,PayoutController.emergencyCloseReport
FNDA:0,PayoutController.emergencyCloseReport
DA:578,0
BRDA:578,125,0,-
BRDA:578,125,1,-
DA:579,0
DA:580,0
BRDA:580,126,0,-
BRDA:580,126,1,-
DA:581,0
DA:589,1786
FN:589,PayoutController._escalationBpsForSeverity
FNDA:1786,PayoutController._escalationBpsForSeverity
DA:593,1786
BRDA:593,127,0,355
DA:594,355
DA:596,1431
BRDA:596,128,0,415
DA:597,415
DA:599,1016
BRDA:599,129,0,452
DA:600,452
DA:602,564
BRDA:602,130,0,564
DA:603,564
DA:605,0
FNF:14
FNH:13
LF:302
LH:279
BRF:230
BRH:71
end_of_record
TN:
SF:src/ReportManager.sol
DA:86,120978
FN:86,ReportManager.onlyAdmin
FNDA:120978,ReportManager.onlyAdmin
DA:87,120978
BRDA:87,0,0,-
BRDA:87,0,1,-
DA:91,1
FN:91,ReportManager.onlyPayoutController
FNDA:1,ReportManager.onlyPayoutController
DA:92,1
BRDA:92,1,0,-
BRDA:92,1,1,-
DA:99,89
FN:99,ReportManager.constructor
FNDA:89,ReportManager.constructor
DA:100,89
BRDA:100,2,0,-
BRDA:100,2,1,-
DA:101,89
BRDA:101,3,0,-
BRDA:101,3,1,-
DA:102,89
BRDA:102,4,0,-
BRDA:102,4,1,-
DA:103,89
DA:104,89
DA:105,89
DA:106,89
DA:112,0
FN:112,ReportManager.setAdmin
FNDA:0,ReportManager.setAdmin
DA:113,0
BRDA:113,5,0,-
BRDA:113,5,1,-
DA:114,0
BRDA:114,6,0,-
BRDA:114,6,1,-
DA:115,0
DA:119,0
FN:119,ReportManager.acceptAdmin
FNDA:0,ReportManager.acceptAdmin
DA:120,0
BRDA:120,7,0,-
BRDA:120,7,1,-
DA:121,0
DA:122,0
DA:123,0
DA:129,88
FN:129,ReportManager.setPayoutController
FNDA:88,ReportManager.setPayoutController
DA:130,88
BRDA:130,8,0,-
BRDA:130,8,1,-
DA:131,88
BRDA:131,9,0,-
BRDA:131,9,1,-
DA:132,88
DA:133,88
DA:142,222013
FN:142,ReportManager.getReportId
FNDA:222013,ReportManager.getReportId
DA:143,222013
DA:153,56262
FN:153,ReportManager.submitReport
FNDA:56262,ReportManager.submitReport
DA:154,56262
BRDA:154,10,0,-
BRDA:154,10,1,-
DA:155,56262
BRDA:155,11,0,-
BRDA:155,11,1,-
DA:156,56262
BRDA:156,12,0,-
BRDA:156,12,1,-
DA:157,56262
DA:158,56262
BRDA:158,13,0,-
BRDA:158,13,1,-
DA:160,26378
DA:161,26378
DA:162,26378
BRDA:162,14,0,-
BRDA:162,14,1,-
DA:164,26377
DA:166,26377
DA:167,26377
DA:168,26377
DA:169,26377
DA:170,26377
DA:171,26377
DA:173,26377
DA:187,16050
FN:187,ReportManager.markApprovedPrimary
FNDA:16050,ReportManager.markApprovedPrimary
DA:198,16050
DA:199,16050
BRDA:199,15,0,-
BRDA:199,15,1,-
DA:200,16050
BRDA:200,16,0,-
BRDA:200,16,1,-
DA:201,16050
BRDA:201,17,0,-
BRDA:201,17,1,-
DA:202,16050
BRDA:202,18,0,-
BRDA:202,18,1,-
DA:203,16050
BRDA:203,19,0,-
BRDA:203,19,1,-
DA:204,16050
BRDA:204,20,0,-
BRDA:204,20,1,-
DA:205,16050
BRDA:205,21,0,2
BRDA:205,21,1,16048
DA:206,2
DA:207,2
DA:209,16048
DA:210,16048
DA:212,16050
DA:213,16050
DA:214,16050
DA:215,16050
DA:216,16050
DA:222,1063
FN:222,ReportManager.markEscalated
FNDA:1063,ReportManager.markEscalated
DA:223,1063
DA:224,1063
BRDA:224,22,0,1063
BRDA:224,22,1,1
DA:225,1063
DA:226,1063
DA:227,1063
DA:228,1063
DA:234,1674
FN:234,ReportManager.markSecondOpinionRequested
FNDA:1674,ReportManager.markSecondOpinionRequested
DA:235,1674
DA:236,1674
BRDA:236,23,0,1674
BRDA:236,23,1,-
DA:237,1674
DA:238,1674
DA:239,1674
DA:245,33318
FN:245,ReportManager.assignSecondJudge
FNDA:33318,ReportManager.assignSecondJudge
DA:246,33318
BRDA:246,24,0,-
BRDA:246,24,1,-
DA:247,33318
DA:248,33318
BRDA:248,25,0,-
BRDA:248,25,1,-
DA:249,33318
BRDA:249,26,0,33318
BRDA:249,26,1,31285
DA:250,3245
DA:251,3245
DA:252,3245
DA:263,816
FN:263,ReportManager.markSecondOpinion
FNDA:816,ReportManager.markSecondOpinion
DA:273,816
DA:274,816
BRDA:274,27,0,-
BRDA:274,27,1,-
DA:275,816
BRDA:275,28,0,-
BRDA:275,28,1,-
DA:276,816
DA:278,816
DA:279,816
BRDA:279,29,0,4
BRDA:279,29,1,812
DA:280,4
DA:281,4
DA:282,4
DA:284,812
DA:285,812
DA:286,812
DA:287,812
DA:289,816
DA:292,1309
FN:292,ReportManager.markEscalatedResult
FNDA:1309,ReportManager.markEscalatedResult
DA:302,1309
DA:303,1309
BRDA:303,30,0,-
BRDA:303,30,1,-
DA:304,1309
BRDA:304,31,0,-
BRDA:304,31,1,-
DA:305,458
DA:306,458
DA:307,1309
DA:308,458
DA:309,458
BRDA:309,32,0,222
BRDA:309,32,1,178
DA:310,222
DA:312,236
DA:313,236
BRDA:313,33,0,178
DA:314,178
DA:318,1309
DA:323,1432
FN:323,ReportManager.markReadyToPay
FNDA:1432,ReportManager.markReadyToPay
DA:324,1432
DA:325,1432
BRDA:325,34,0,1432
BRDA:325,34,1,1025
DA:331,1432
DA:332,1432
DA:338,937
FN:338,ReportManager.markPaid
FNDA:937,ReportManager.markPaid
DA:339,937
DA:340,937
BRDA:340,35,0,-
BRDA:340,35,1,-
DA:341,937
DA:342,937
DA:343,937
DA:348,1
FN:348,ReportManager.markClosed
FNDA:1,ReportManager.markClosed
DA:349,1
DA:350,1
BRDA:350,36,0,-
BRDA:350,36,1,-
DA:351,1
DA:352,1
DA:356,13046
FN:356,ReportManager.hasBlockingReports
FNDA:13046,ReportManager.hasBlockingReports
DA:357,13046
DA:364,114653
FN:364,ReportManager.getReportStatus
FNDA:114653,ReportManager.getReportStatus
DA:365,114653
DA:371,211829
FN:371,ReportManager.getReport
FNDA:211829,ReportManager.getReport
DA:372,211829
DA:375,48808
FN:375,ReportManager._transitionStatus
FNDA:48808,ReportManager._transitionStatus
DA:376,48808
DA:377,48808
BRDA:377,37,0,-
DA:378,0
DA:381,48808
DA:382,48808
DA:384,48808
BRDA:384,38,0,26378
BRDA:384,38,1,1165
DA:385,26378
DA:386,22430
BRDA:386,39,0,1165
DA:387,1165
DA:390,48808
DA:393,97616
FN:393,ReportManager._isBlockingStatus
FNDA:97616,ReportManager._isBlockingStatus
DA:394,97616
DA:395,55189
DA:396,36138
DA:397,34617
DA:398,32127
DA:399,30290
DA:400,29914
FNF:22
FNH:20
LF:154
LH:144
BRF:77
BRH:17
end_of_record
TN:
SF:src/UsdcFaucet.sol
DA:18,3
FN:18,UsdcFaucet.constructor
FNDA:3,UsdcFaucet.constructor
DA:19,3
BRDA:19,0,0,-
BRDA:19,0,1,-
DA:20,3
DA:23,5
FN:23,UsdcFaucet.claim
FNDA:5,UsdcFaucet.claim
DA:24,5
DA:25,5
BRDA:25,1,0,1
DA:26,4
DA:27,4
FNF:2
FNH:2
LF:8
LH:8
BRF:3
BRH:1
end_of_record
TN:
SF:src/mocks/MockUSDC.sol
DA:17,65458
FN:17,MockUSDC.mint
FNDA:65458,MockUSDC.mint
DA:18,65458
BRDA:18,0,0,-
BRDA:18,0,1,-
DA:19,65458
DA:20,65458
DA:21,65458
DA:24,65454
FN:24,MockUSDC.approve
FNDA:65454,MockUSDC.approve
DA:25,65454
DA:26,65454
DA:27,65454
DA:30,6032
FN:30,MockUSDC.transfer
FNDA:6032,MockUSDC.transfer
DA:31,6032
DA:32,6032
DA:35,1957
FN:35,MockUSDC.transferFrom
FNDA:1957,MockUSDC.transferFrom
DA:36,1957
DA:37,1957
BRDA:37,1,0,-
BRDA:37,1,1,-
DA:38,1957
BRDA:38,2,0,1957
DA:39,1957
DA:40,1957
DA:42,1957
DA:43,1957
DA:46,7989
FN:46,MockUSDC._transfer
FNDA:7989,MockUSDC._transfer
DA:47,7989
BRDA:47,3,0,-
BRDA:47,3,1,-
DA:48,7989
DA:49,7989
BRDA:49,4,0,-
BRDA:49,4,1,-
DA:50,7989
DA:51,7989
DA:52,7989
FNF:5
FNH:5
LF:27
LH:27
BRF:9
BRH:1
end_of_record
TN:
SF:src/utils/ReentrancyGuard.sol
DA:13,33670
FN:13,ReentrancyGuard.nonReentrant
FNDA:33670,ReentrancyGuard.nonReentrant
DA:14,33670
BRDA:14,0,0,-
BRDA:14,0,1,-
DA:15,33670
DA:17,1674
FNF:1
FNH:1
LF:4
LH:4
BRF:2
BRH:0
end_of_record
TN:
SF:test/helpers/BaseTestSuite.t.sol
DA:30,82
FN:30,BaseTestSuite.setUpContracts
FNDA:82,BaseTestSuite.setUpContracts
DA:31,82
DA:32,82
DA:46,82
DA:47,82
DA:48,82
DA:49,82
DA:51,82
DA:52,82
DA:53,82
DA:54,82
DA:55,82
DA:57,82
DA:58,82
DA:68,588
FN:68,BaseTestSuite.createProgram
FNDA:588,BaseTestSuite.createProgram
DA:74,588
DA:83,588
DA:90,844
FN:90,BaseTestSuite.deposit
FNDA:844,BaseTestSuite.deposit
DA:91,844
DA:92,844
DA:93,844
DA:94,844
DA:95,844
DA:102,557
FN:102,BaseTestSuite.submitReport
FNDA:557,BaseTestSuite.submitReport
DA:103,557
FNF:4
FNH:4
LF:25
LH:25
BRF:0
BRH:0
end_of_record
TN:
SF:test/invariants/ReportLifecycleInvariants.t.sol
DA:41,6
FN:41,ReportFlowHandler.constructor
FNDA:6,ReportFlowHandler.constructor
DA:57,6
DA:58,6
DA:59,6
DA:60,6
DA:61,6
DA:62,6
DA:63,6
DA:65,6
DA:66,6
DA:67,6
DA:68,6
DA:69,6
DA:70,6
DA:71,6
DA:74,0
FN:74,ReportFlowHandler.reportsCount
FNDA:0,ReportFlowHandler.reportsCount
DA:75,0
DA:78,0
FN:78,ReportFlowHandler.reportIdAt
FNDA:0,ReportFlowHandler.reportIdAt
DA:79,0
DA:82,64602
FN:82,ReportFlowHandler.actionDeposit
FNDA:64602,ReportFlowHandler.actionDeposit
DA:83,64602
DA:84,64602
DA:86,64602
DA:87,64602
DA:88,64602
DA:89,64602
DA:91,64602
BRDA:91,0,0,63493
DA:92,63493
DA:96,63024
FN:96,ReportFlowHandler.actionSubmitReport
FNDA:63024,ReportFlowHandler.actionSubmitReport
DA:97,63024
BRDA:97,1,0,7341
DA:98,7341
DA:101,55683
DA:102,55683
DA:104,55683
DA:105,55683
DA:112,55683
BRDA:112,2,0,29883
DA:113,29883
DA:116,25800
DA:117,25800
DA:118,25800
DA:119,25800
DA:120,25800
DA:123,65022
FN:123,ReportFlowHandler.actionApprovePrimary
FNDA:65022,ReportFlowHandler.actionApprovePrimary
DA:124,65022
DA:125,65022
BRDA:125,3,0,31944
DA:126,31944
DA:129,33078
DA:130,33078
DA:131,33078
DA:133,33078
DA:134,33078
DA:141,15480
BRDA:141,4,0,15480
DA:142,15480
DA:146,65244
FN:146,ReportFlowHandler.actionEscalate
FNDA:65244,ReportFlowHandler.actionEscalate
DA:147,65244
DA:148,65244
BRDA:148,5,0,31920
DA:149,31920
DA:152,33324
DA:153,33324
DA:154,33324
DA:156,33324
DA:157,33324
DA:164,1051
BRDA:164,6,0,1051
DA:165,1051
DA:169,64074
FN:169,ReportFlowHandler.actionRequestSecondOpinion
FNDA:64074,ReportFlowHandler.actionRequestSecondOpinion
DA:170,64074
DA:171,64074
BRDA:171,7,0,32532
DA:172,32532
DA:175,31542
DA:176,31542
DA:178,31542
DA:179,31542
DA:186,1390
BRDA:186,8,0,1390
DA:187,1390
DA:191,64026
FN:191,ReportFlowHandler.actionAssignSecondJudge
FNDA:64026,ReportFlowHandler.actionAssignSecondJudge
DA:192,64026
DA:193,64026
BRDA:193,9,0,31002
DA:194,31002
DA:197,33024
DA:198,33024
DA:201,2951
BRDA:201,10,0,2951
DA:202,2951
DA:206,64230
FN:206,ReportFlowHandler.actionApproveSecondOpinion
FNDA:64230,ReportFlowHandler.actionApproveSecondOpinion
DA:207,64230
DA:208,64230
BRDA:208,11,0,32082
DA:209,32082
DA:212,32148
DA:213,32148
DA:215,32148
DA:216,32148
BRDA:216,12,0,18425
DA:217,18425
DA:220,32148
DA:221,32148
DA:223,32148
DA:224,32148
DA:231,533
BRDA:231,13,0,533
DA:232,533
DA:236,63420
FN:236,ReportFlowHandler.actionFinalizeEscalation
FNDA:63420,ReportFlowHandler.actionFinalizeEscalation
DA:237,63420
DA:238,63420
BRDA:238,14,0,31548
DA:239,31548
DA:242,31872
DA:243,31872
DA:245,31872
DA:246,31872
DA:248,31872
DA:249,31872
DA:256,447
BRDA:256,15,0,447
DA:257,447
DA:261,63648
FN:261,ReportFlowHandler.actionFinalizeAndPay
FNDA:63648,ReportFlowHandler.actionFinalizeAndPay
DA:262,63648
DA:263,63648
BRDA:263,16,0,31266
DA:264,31266
DA:267,32382
DA:268,32382
DA:270,32382
DA:271,32382
DA:276,32382
DA:277,32382
DA:279,32382
DA:280,32382
DA:287,393
BRDA:287,17,0,393
DA:288,393
DA:292,64782
FN:292,ReportFlowHandler.actionRefundLifecycle
FNDA:64782,ReportFlowHandler.actionRefundLifecycle
DA:293,64782
DA:294,64782
BRDA:294,18,0,22254
DA:295,22254
DA:296,22254
DA:297,22254
DA:299,22254
DA:302,42528
BRDA:302,19,0,21178
DA:303,21178
DA:304,21178
BRDA:304,20,0,10280
DA:305,10280
DA:307,10898
DA:308,10898
DA:309,10898
DA:310,10898
DA:313,10898
DA:316,21350
DA:317,21350
DA:318,21350
DA:319,21350
DA:323,64212
FN:323,ReportFlowHandler.actionWarp
FNDA:64212,ReportFlowHandler.actionWarp
DA:324,64212
DA:325,64212
DA:328,64716
FN:328,ReportFlowHandler.actionUnauthorizedCalls
FNDA:64716,ReportFlowHandler.actionUnauthorizedCalls
DA:330,64716
DA:331,64716
BRDA:331,21,0,33018
DA:332,33018
DA:333,33018
DA:334,33018
DA:335,33018
DA:341,0
BRDA:341,22,0,-
DA:342,0
DA:347,64716
DA:348,64716
DA:354,0
BRDA:354,23,0,-
DA:355,0
DA:359,64716
DA:360,64716
DA:361,64716
DA:362,0
BRDA:362,24,0,-
DA:363,0
DA:367,64716
DA:368,64716
DA:370,0
BRDA:370,25,0,-
DA:371,0
DA:375,535558
FN:375,ReportFlowHandler._pickReport
FNDA:535558,ReportFlowHandler._pickReport
DA:376,535558
DA:377,535558
BRDA:377,26,0,264272
DA:378,264272
DA:380,271286
DA:383,48045
FN:383,ReportFlowHandler._recordStatus
FNDA:48045,ReportFlowHandler._recordStatus
DA:384,48045
DA:385,48045
DA:386,48045
BRDA:386,27,0,-
DA:387,0
DA:388,0
DA:390,48045
FNF:17
FNH:15
LF:180
LH:166
BRF:28
BRH:23
end_of_record
